Arguments: 
  C:\Program Files\nodejs\node.exe C:\Users\M Ahmed Mushtaq\AppData\Roaming\npm\node_modules\yarn\bin\yarn.js add cheerio puppeeter

PATH: 
  C:\Program Files (x86)\Intel\iCLS Client\;C:\ProgramData\Oracle\Java\javapath;C:\Program Files\Intel\iCLS Client\;C:\WINDOWS\system32;C:\WINDOWS;C:\WINDOWS\System32\Wbem;C:\WINDOWS\System32\WindowsPowerShell\v1.0\;E:\xampp2\php;C:\composer;C:\Program Files (x86)\Intel\Intel(R) Management Engine Components\DAL;C:\Program Files\Intel\Intel(R) Management Engine Components\DAL;C:\Program Files (x86)\Intel\Intel(R) Management Engine Components\IPT;C:\Program Files\Intel\Intel(R) Management Engine Components\IPT;C:\WINDOWS\System32\OpenSSH\;C:\Program Files (x86)\Brackets\command;C:\Program Files\Git\cmd;C:\Program Files\nodejs\;C:\Program Files\Redis\;C:\Program Files\PuTTY\;C:\Users\M Ahmed Mushtaq\AppData\Local\Android\Sdk\platform-tools;;C:\Program Files\Docker\Docker\resources\bin;C:\ProgramData\DockerDesktop\version-bin;C:\ProgramData\chocolatey\bin;C:\Users\M Ahmed Mushtaq\AppData\Local\Microsoft\WindowsApps;C:\Users\M Ahmed Mushtaq\AppData\Roaming\Composer\vendor\bin;C:\Program Files\erl9.2\bin;C:\Users\M Ahmed Mushtaq\AppData\Local\atom\bin;C:\Users\M Ahmed Mushtaq\AppData\Roaming\npm;C:\Users\M Ahmed Mushtaq\AppData\Local\Programs\Microsoft VS Code\bin;C:\Program Files\heroku\bin;C:\Modeltech_pe_edu_10.4a\win32pe_edu

Yarn version: 
  1.21.1

Node version: 
  12.14.0

Platform: 
  win32 x64

Trace: 
  Error: https://registry.yarnpkg.com/puppeeter: Not found
      at Request.params.callback [as _callback] (C:\Users\M Ahmed Mushtaq\AppData\Roaming\npm\node_modules\yarn\lib\cli.js:66947:18)
      at Request.self.callback (C:\Users\M Ahmed Mushtaq\AppData\Roaming\npm\node_modules\yarn\lib\cli.js:140665:22)
      at Request.emit (events.js:210:5)
      at Request.<anonymous> (C:\Users\M Ahmed Mushtaq\AppData\Roaming\npm\node_modules\yarn\lib\cli.js:141637:10)
      at Request.emit (events.js:210:5)
      at IncomingMessage.<anonymous> (C:\Users\M Ahmed Mushtaq\AppData\Roaming\npm\node_modules\yarn\lib\cli.js:141559:12)
      at Object.onceWrapper (events.js:299:28)
      at IncomingMessage.emit (events.js:215:7)
      at endReadableNT (_stream_readable.js:1184:12)
      at processTicksAndRejections (internal/process/task_queues.js:80:21)

npm manifest: 
  {
    "name": "airbnb-scrapper",
    "version": "1.0.0",
    "description": "",
    "main": "index.js",
    "scripts": {
      "test": "echo \"Error: no test specified\" && exit 1"
    },
    "keywords": [],
    "author": "",
    "license": "ISC"
  }

yarn manifest: 
  No manifest

Lockfile: 
  No lockfile
